Apr 14, 2025 12:20:42 AM liquibase.changelog
INFO: Reading resource: db/changelog/migrations/db.changelog-202504140012.sql
Apr 14, 2025 12:20:42 AM liquibase.changelog
INFO: Creating database history table with name: board.DATABASECHANGELOG
Apr 14, 2025 12:20:42 AM liquibase.changelog
INFO: Reading from board.DATABASECHANGELOG
Apr 14, 2025 12:20:42 AM liquibase.lockservice
INFO: Successfully acquired change log lock
Apr 14, 2025 12:20:42 AM liquibase.command
INFO: Using deploymentId: 4600842352
Apr 14, 2025 12:20:42 AM liquibase.changelog
INFO: Reading from board.DATABASECHANGELOG
Running Changeset: db/changelog/migrations/db.changelog-202504140012.sql::202504140012::murillo
Apr 14, 2025 12:20:42 AM liquibase.changelog
INFO: Custom SQL executed
Apr 14, 2025 12:20:42 AM liquibase.changelog
INFO: ChangeSet db/changelog/migrations/db.changelog-202504140012.sql::202504140012::murillo ran successfully in 72ms

UPDATE SUMMARY
Run:                          1
Previously run:               0
Filtered out:                 0
-------------------------------
Total change sets:            1

Apr 14, 2025 12:20:42 AM liquibase.util
INFO: UPDATE SUMMARY
Apr 14, 2025 12:20:42 AM liquibase.util
INFO: Run:                          1
Apr 14, 2025 12:20:42 AM liquibase.util
INFO: Previously run:               0
Apr 14, 2025 12:20:42 AM liquibase.util
INFO: Filtered out:                 0
Apr 14, 2025 12:20:42 AM liquibase.util
INFO: -------------------------------
Apr 14, 2025 12:20:42 AM liquibase.util
INFO: Total change sets:            1
Apr 14, 2025 12:20:42 AM liquibase.util
INFO: Update summary generated
Apr 14, 2025 12:20:42 AM liquibase.command
INFO: Update command completed successfully.
Liquibase: Update has been successful. Rows affected: 1
Apr 14, 2025 12:20:42 AM liquibase.lockservice
INFO: Successfully released change log lock
Apr 14, 2025 12:20:42 AM liquibase.command
INFO: Command execution complete
